#
# There is insufficient memory for the Java Runtime Environment to continue.
# Native memory allocation (malloc) failed to allocate 32744 bytes for ChunkPool::allocate
# Possible reasons:
#   The system is out of physical RAM or swap space
#   The process is running with CompressedOops enabled, and the Java Heap may be blocking the growth of the native heap
# Possible solutions:
#   Reduce memory load on the system
#   Increase physical memory or swap space
#   Check if swap backing store is full
#   Decrease Java heap size (-Xmx/-Xms)
#   Decrease number of Java threads
#   Decrease Java thread stack sizes (-Xss)
#   Set larger code cache with -XX:ReservedCodeCacheSize=
#   JVM is running with Unscaled Compressed Oops mode in which the Java heap is
#     placed in the first 4GB address space. The Java Heap base address is the
#     maximum limit for the native heap growth. Please use -XX:HeapBaseMinAddress
#     to set the Java Heap base and to place the Java Heap above 4GB virtual address.
# This output file may be truncated or incomplete.
#
#  Out of Memory Error (./src/hotspot/share/memory/arena.cpp:81), pid=10848, tid=34828
#
# JRE version: OpenJDK Runtime Environment Corretto-11.0.15.9.1 (11.0.15+9) (build 11.0.15+9-LTS)
# Java VM: OpenJDK 64-Bit Server VM Corretto-11.0.15.9.1 (11.0.15+9-LTS, mixed mode, tiered, compressed oops, g1 gc, windows-amd64)
# No core dump will be written. Minidumps are not enabled by default on client versions of Windows
#

---------------  S U M M A R Y ------------

Command Line: -XX:TieredStopAtLevel=1 -Xverify:none -Dspring.output.ansi.enabled=always -Dcom.sun.management.jmxremote -Dspring.jmx.enabled=true -Dspring.liveBeansView.mbeanDomain -Dspring.application.admin.enabled=true -javaagent:C:\Program Files\JetBrains\IntelliJ IDEA 2022.1.1\lib\idea_rt.jar=59605:C:\Program Files\JetBrains\IntelliJ IDEA 2022.1.1\bin -Dfile.encoding=UTF-8 unical.dimes.uptocloud.UptocloudApplication

Host: Intel(R) Core(TM) i5-8250U CPU @ 1.60GHz, 8 cores, 7G,  Windows 11 , 64 bit Build 22000 (10.0.22000.708)
Time: Thu Jun 16 14:50:10 2022 W. Europe Daylight Time elapsed time: 6.456136 seconds (0d 0h 0m 6s)

---------------  T H R E A D  ---------------

Current thread (0x000002e747bff800):  JavaThread "main" [_thread_in_vm, id=34828, stack(0x000000fc7b700000,0x000000fc7b800000)]

Stack: [0x000000fc7b700000,0x000000fc7b800000]
Native frames: (J=compiled Java code, j=interpreted, Vv=VM code, C=native code)
V  [jvm.dll+0x61e7ba]
V  [jvm.dll+0x7ab749]
V  [jvm.dll+0x7ace38]
V  [jvm.dll+0x7ad513]
V  [jvm.dll+0x24f968]
V  [jvm.dll+0xc288b]
V  [jvm.dll+0xc2bec]
V  [jvm.dll+0x67c0bd]
V  [jvm.dll+0x67d344]
V  [jvm.dll+0x3657c2]
V  [jvm.dll+0x3649aa]
V  [jvm.dll+0x364948]
V  [jvm.dll+0x5116c2]
V  [jvm.dll+0x5106d4]
V  [jvm.dll+0x377ba8]
V  [jvm.dll+0x377228]
C  0x000002e75035caf8

Java frames: (J=compiled Java code, j=interpreted, Vv=VM code)
j  org.springframework.util.StringUtils.toStringArray(Ljava/util/Collection;)[Ljava/lang/String;+1
j  org.springframework.util.StringUtils.delimitedListToStringArray(Ljava/lang/String;Ljava/lang/String;Ljava/lang/String;)[Ljava/lang/String;+160
j  org.springframework.util.StringUtils.delimitedListToStringArray(Ljava/lang/String;Ljava/lang/String;)[Ljava/lang/String;+3
j  org.springframework.util.StringUtils.cleanPath(Ljava/lang/String;)Ljava/lang/String;+123
j  org.springframework.core.io.UrlResource.getCleanedUrl(Ljava/net/URL;Ljava/lang/String;)Ljava/net/URL;+1
j  org.springframework.core.io.UrlResource.getCleanedUrl()Ljava/net/URL;+36
j  org.springframework.core.io.UrlResource.getFilename()Ljava/lang/String;+1
j  org.springframework.core.io.support.PropertiesLoaderUtils.fillProperties(Ljava/util/Properties;Lorg/springframework/core/io/Resource;)V+10
j  org.springframework.core.io.support.PropertiesLoaderUtils.loadProperties(Lorg/springframework/core/io/Resource;)Ljava/util/Properties;+10
j  org.springframework.core.io.support.SpringFactoriesLoader.loadSpringFactories(Ljava/lang/ClassLoader;)Ljava/util/Map;+65
j  org.springframework.core.io.support.SpringFactoriesLoader.loadFactoryNames(Ljava/lang/Class;Ljava/lang/ClassLoader;)Ljava/util/List;+18
j  org.springframework.boot.SpringApplication.getSpringFactoriesInstances(Ljava/lang/Class;[Ljava/lang/Class;[Ljava/lang/Object;)Ljava/util/Collection;+13
j  org.springframework.boot.SpringApplication.getSpringFactoriesInstances(Ljava/lang/Class;)Ljava/util/Collection;+10
j  org.springframework.boot.SpringApplication.<init>(Lorg/springframework/core/io/ResourceLoader;[Ljava/lang/Class;)V+119
j  org.springframework.boot.SpringApplication.<init>([Ljava/lang/Class;)V+3
j  org.springframework.boot.SpringApplication.run([Ljava/lang/Class;[Ljava/lang/String;)Lorg/springframework/context/ConfigurableApplicationContext;+5
j  org.springframework.boot.SpringApplication.run(Ljava/lang/Class;[Ljava/lang/String;)Lorg/springframework/context/ConfigurableApplicationContext;+9
j  unical.dimes.uptocloud.UptocloudApplication.main([Ljava/lang/String;)V+3
v  ~StubRoutines::call_stub

---------------  P R O C E S S  ---------------

Threads class SMR info:
_java_thread_list=0x000002e768076010, length=11, elements={
0x000002e747bff800, 0x000002e766c3e800, 0x000002e766c2e800, 0x000002e76758b800,
0x000002e76758c800, 0x000002e767590800, 0x000002e767593800, 0x000002e767596800,
0x000002e766bc4800, 0x000002e767f83800, 0x000002e7680e5800
}

Java Threads: ( => current thread )
=>0x000002e747bff800 JavaThread "main" [_thread_in_vm, id=34828, stack(0x000000fc7b700000,0x000000fc7b800000)]
  0x000002e766c3e800 JavaThread "Reference Handler" daemon [_thread_blocked, id=29920, stack(0x000000fc7be00000,0x000000fc7bf00000)]
  0x000002e766c2e800 JavaThread "Finalizer" daemon [_thread_blocked, id=22240, stack(0x000000fc7bf00000,0x000000fc7c000000)]
  0x000002e76758b800 JavaThread "Signal Dispatcher" daemon [_thread_blocked, id=17628, stack(0x000000fc7c000000,0x000000fc7c100000)]
  0x000002e76758c800 JavaThread "Attach Listener" daemon [_thread_blocked, id=6196, stack(0x000000fc7c100000,0x000000fc7c200000)]
  0x000002e767590800 JavaThread "Service Thread" daemon [_thread_blocked, id=23964, stack(0x000000fc7c200000,0x000000fc7c300000)]
  0x000002e767593800 JavaThread "C1 CompilerThread0" daemon [_thread_blocked, id=29240, stack(0x000000fc7c300000,0x000000fc7c400000)]
  0x000002e767596800 JavaThread "Sweeper thread" daemon [_thread_blocked, id=41288, stack(0x000000fc7c400000,0x000000fc7c500000)]
  0x000002e766bc4800 JavaThread "Common-Cleaner" daemon [_thread_blocked, id=19128, stack(0x000000fc7c500000,0x000000fc7c600000)]
  0x000002e767f83800 JavaThread "Monitor Ctrl-Break" daemon [_thread_in_native, id=1448, stack(0x000000fc7c600000,0x000000fc7c700000)]
  0x000002e7680e5800 JavaThread "RMI TCP Accept-0" daemon [_thread_in_native, id=8288, stack(0x000000fc7c700000,0x000000fc7c800000)]

Other Threads:
  0x000002e766c08000 VMThread "VM Thread" [stack: 0x000000fc7bd00000,0x000000fc7be00000] [id=5784]
  0x000002e7680f1000 WatcherThread [stack: 0x000000fc7c800000,0x000000fc7c900000] [id=35940]
  0x000002e747c18000 GCTaskThread "GC Thread#0" [stack: 0x000000fc7b800000,0x000000fc7b900000] [id=32400]
  0x000002e7680c6000 GCTaskThread "GC Thread#1" [stack: 0x000000fc7c900000,0x000000fc7ca00000] [id=18064]
  0x000002e7680c7000 GCTaskThread "GC Thread#2" [stack: 0x000000fc7ca00000,0x000000fc7cb00000] [id=25908]
  0x000002e747c4c800 ConcurrentGCThread "G1 Main Marker" [stack: 0x000000fc7b900000,0x000000fc7ba00000] [id=30236]
  0x000002e747c4e000 ConcurrentGCThread "G1 Conc#0" [stack: 0x000000fc7ba00000,0x000000fc7bb00000] [id=10452]
  0x000002e747cbe000 ConcurrentGCThread "G1 Refine#0" [stack: 0x000000fc7bb00000,0x000000fc7bc00000] [id=20712]
  0x000002e766a70800 ConcurrentGCThread "G1 Young RemSet Sampling" [stack: 0x000000fc7bc00000,0x000000fc7bd00000] [id=25788]

Threads with active compile tasks:

VM state:not at safepoint (normal execution)

VM Mutex/Monitor currently owned by a thread: None

Heap address: 0x0000000081c00000, size: 2020 MB, Compressed Oops mode: 32-bit
Narrow klass base: 0x0000000000000000, Narrow klass shift: 3
Compressed class space size: 1073741824 Address: 0x0000000100000000

Heap:
 garbage-first heap   total 131072K, used 11413K [0x0000000081c00000, 0x0000000100000000)
  region size 1024K, 5 young (5120K), 3 survivors (3072K)
 Metaspace       used 13381K, capacity 13671K, committed 13824K, reserved 1064960K
  class space    used 1365K, capacity 1472K, committed 1536K, reserved 1048576K
Heap Regions: E=young(eden), S=young(survivor), O=old, HS=humongous(starts), HC=humongous(continues), CS=collection set, F=free, A=archive, TAMS=top-at-mark-start (previous, next)
|   0|0x0000000081c00000, 0x0000000081d00000, 0x0000000081d00000|100%|HS|  |TAMS 0x0000000081c00000, 0x0000000081c00000| Complete 
|   1|0x0000000081d00000, 0x0000000081e00000, 0x0000000081e00000|100%| O|  |TAMS 0x0000000081d00000, 0x0000000081d00000| Untracked 
|   2|0x0000000081e00000, 0x0000000081f00000, 0x0000000081f00000|100%| O|  |TAMS 0x0000000081e00000, 0x0000000081e00000| Untracked 
|   3|0x0000000081f00000, 0x0000000082000000, 0x0000000082000000|100%| O|  |TAMS 0x0000000081f00000, 0x0000000081f00000| Untracked 
|   4|0x0000000082000000, 0x0000000082100000, 0x0000000082100000|100%| O|  |TAMS 0x0000000082000000, 0x0000000082000000| Untracked 
|   5|0x0000000082100000, 0x0000000082200000, 0x0000000082200000|100%| O|  |TAMS 0x0000000082100000, 0x0000000082100000| Untracked 
|   6|0x0000000082200000, 0x0000000082300000, 0x0000000082300000|100%| O|  |TAMS 0x0000000082200000, 0x0000000082200000| Untracked 
|   7|0x0000000082300000, 0x0000000082325400, 0x0000000082400000| 14%| O|  |TAMS 0x0000000082300000, 0x0000000082300000| Untracked 
|   8|0x0000000082400000, 0x0000000082400000, 0x0000000082500000|  0%| F|  |TAMS 0x0000000082400000, 0x0000000082400000| Untracked 
|   9|0x0000000082500000, 0x0000000082500000, 0x0000000082600000|  0%| F|  |TAMS 0x0000000082500000, 0x0000000082500000| Untracked 
|  10|0x0000000082600000, 0x0000000082600000, 0x0000000082700000|  0%| F|  |TAMS 0x0000000082600000, 0x0000000082600000| Untracked 
|  11|0x0000000082700000, 0x0000000082700000, 0x0000000082800000|  0%| F|  |TAMS 0x0000000082700000, 0x0000000082700000| Untracked 
|  12|0x0000000082800000, 0x0000000082800000, 0x0000000082900000|  0%| F|  |TAMS 0x0000000082800000, 0x0000000082800000| Untracked 
|  13|0x0000000082900000, 0x0000000082900000, 0x0000000082a00000|  0%| F|  |TAMS 0x0000000082900000, 0x0000000082900000| Untracked 
|  14|0x0000000082a00000, 0x0000000082a00000, 0x0000000082b00000|  0%| F|  |TAMS 0x0000000082a00000, 0x0000000082a00000| Untracked 
|  15|0x0000000082b00000, 0x0000000082b00000, 0x0000000082c00000|  0%| F|  |TAMS 0x0000000082b00000, 0x0000000082b00000| Untracked 
|  16|0x0000000082c00000, 0x0000000082c00000, 0x0000000082d00000|  0%| F|  |TAMS 0x0000000082c00000, 0x0000000082c00000| Untracked 
|  17|0x0000000082d00000, 0x0000000082d00000, 0x0000000082e00000|  0%| F|  |TAMS 0x0000000082d00000, 0x0000000082d00000| Untracked 
|  18|0x0000000082e00000, 0x0000000082e00000, 0x0000000082f00000|  0%| F|  |TAMS 0x0000000082e00000, 0x0000000082e00000| Untracked 
|  19|0x0000000082f00000, 0x0000000082f00000, 0x0000000083000000|  0%| F|  |TAMS 0x0000000082f00000, 0x0000000082f00000| Untracked 
|  20|0x0000000083000000, 0x0000000083000000, 0x0000000083100000|  0%| F|  |TAMS 0x0000000083000000, 0x0000000083000000| Untracked 
|  21|0x0000000083100000, 0x0000000083100000, 0x0000000083200000|  0%| F|  |TAMS 0x0000000083100000, 0x0000000083100000| Untracked 
|  22|0x0000000083200000, 0x0000000083200000, 0x0000000083300000|  0%| F|  |TAMS 0x0000000083200000, 0x0000000083200000| Untracked 
|  23|0x0000000083300000, 0x0000000083300000, 0x0000000083400000|  0%| F|  |TAMS 0x0000000083300000, 0x0000000083300000| Untracked 
|  24|0x0000000083400000, 0x0000000083400000, 0x0000000083500000|  0%| F|  |TAMS 0x0000000083400000, 0x0000000083400000| Untracked 
|  25|0x0000000083500000, 0x0000000083500000, 0x0000000083600000|  0%| F|  |TAMS 0x0000000083500000, 0x0000000083500000| Untracked 
|  26|0x0000000083600000, 0x0000000083600000, 0x0000000083700000|  0%| F|  |TAMS 0x0000000083600000, 0x0000000083600000| Untracked 
|  27|0x0000000083700000, 0x0000000083700000, 0x0000000083800000|  0%| F|  |TAMS 0x0000000083700000, 0x0000000083700000| Untracked 
|  28|0x0000000083800000, 0x0000000083800000, 0x0000000083900000|  0%| F|  |TAMS 0x0000000083800000, 0x0000000083800000| Untracked 
|  29|0x0000000083900000, 0x0000000083900000, 0x0000000083a00000|  0%| F|  |TAMS 0x0000000083900000, 0x0000000083900000| Untracked 
|  30|0x0000000083a00000, 0x0000000083a00000, 0x0000000083b00000|  0%| F|  |TAMS 0x0000000083a00000, 0x0000000083a00000| Untracked 
|  31|0x0000000083b00000, 0x0000000083b00000, 0x0000000083c00000|  0%| F|  |TAMS 0x0000000083b00000, 0x0000000083b00000| Untracked 
|  32|0x0000000083c00000, 0x0000000083c00000, 0x0000000083d00000|  0%| F|  |TAMS 0x0000000083c00000, 0x0000000083c00000| Untracked 
|  33|0x0000000083d00000, 0x0000000083d00000, 0x0000000083e00000|  0%| F|  |TAMS 0x0000000083d00000, 0x0000000083d00000| Untracked 
|  34|0x0000000083e00000, 0x0000000083e00000, 0x0000000083f00000|  0%| F|  |TAMS 0x0000000083e00000, 0x0000000083e00000| Untracked 
|  35|0x0000000083f00000, 0x0000000083f00000, 0x0000000084000000|  0%| F|  |TAMS 0x0000000083f00000, 0x0000000083f00000| Untracked 
|  36|0x0000000084000000, 0x0000000084000000, 0x0000000084100000|  0%| F|  |TAMS 0x0000000084000000, 0x0000000084000000| Untracked 
|  37|0x0000000084100000, 0x0000000084100000, 0x0000000084200000|  0%| F|  |TAMS 0x0000000084100000, 0x0000000084100000| Untracked 
|  38|0x0000000084200000, 0x0000000084200000, 0x0000000084300000|  0%| F|  |TAMS 0x0000000084200000, 0x0000000084200000| Untracked 
|  39|0x0000000084300000, 0x0000000084300000, 0x0000000084400000|  0%| F|  |TAMS 0x0000000084300000, 0x0000000084300000| Untracked 
|  40|0x0000000084400000, 0x0000000084400000, 0x0000000084500000|  0%| F|  |TAMS 0x0000000084400000, 0x0000000084400000| Untracked 
|  41|0x0000000084500000, 0x0000000084500000, 0x0000000084600000|  0%| F|  |TAMS 0x0000000084500000, 0x0000000084500000| Untracked 
|  42|0x0000000084600000, 0x0000000084600000, 0x0000000084700000|  0%| F|  |TAMS 0x0000000084600000, 0x0000000084600000| Untracked 
|  43|0x0000000084700000, 0x0000000084700000, 0x0000000084800000|  0%| F|  |TAMS 0x0000000084700000, 0x0000000084700000| Untracked 
|  44|0x0000000084800000, 0x0000000084800000, 0x0000000084900000|  0%| F|  |TAMS 0x0000000084800000, 0x0000000084800000| Untracked 
|  45|0x0000000084900000, 0x0000000084900000, 0x0000000084a00000|  0%| F|  |TAMS 0x0000000084900000, 0x0000000084900000| Untracked 
|  46|0x0000000084a00000, 0x0000000084a00000, 0x0000000084b00000|  0%| F|  |TAMS 0x0000000084a00000, 0x0000000084a00000| Untracked 
|  47|0x0000000084b00000, 0x0000000084b00000, 0x0000000084c00000|  0%| F|  |TAMS 0x0000000084b00000, 0x0000000084b00000| Untracked 
|  48|0x0000000084c00000, 0x0000000084c00000, 0x0000000084d00000|  0%| F|  |TAMS 0x0000000084c00000, 0x0000000084c00000| Untracked 
|  49|0x0000000084d00000, 0x0000000084d00000, 0x0000000084e00000|  0%| F|  |TAMS 0x0000000084d00000, 0x0000000084d00000| Untracked 
|  50|0x0000000084e00000, 0x0000000084e00000, 0x0000000084f00000|  0%| F|  |TAMS 0x0000000084e00000, 0x0000000084e00000| Untracked 
|  51|0x0000000084f00000, 0x0000000084f00000, 0x0000000085000000|  0%| F|  |TAMS 0x0000000084f00000, 0x0000000084f00000| Untracked 
|  52|0x0000000085000000, 0x0000000085000000, 0x0000000085100000|  0%| F|  |TAMS 0x0000000085000000, 0x0000000085000000| Untracked 
|  53|0x0000000085100000, 0x0000000085100000, 0x0000000085200000|  0%| F|  |TAMS 0x0000000085100000, 0x0000000085100000| Untracked 
|  54|0x0000000085200000, 0x0000000085200000, 0x0000000085300000|  0%| F|  |TAMS 0x0000000085200000, 0x0000000085200000| Untracked 
|  55|0x0000000085300000, 0x0000000085300000, 0x0000000085400000|  0%| F|  |TAMS 0x0000000085300000, 0x0000000085300000| Untracked 
|  56|0x0000000085400000, 0x0000000085400000, 0x0000000085500000|  0%| F|  |TAMS 0x0000000085400000, 0x0000000085400000| Untracked 
|  57|0x0000000085500000, 0x0000000085500000, 0x0000000085600000|  0%| F|  |TAMS 0x0000000085500000, 0x0000000085500000| Untracked 
|  58|0x0000000085600000, 0x0000000085600000, 0x0000000085700000|  0%| F|  |TAMS 0x0000000085600000, 0x0000000085600000| Untracked 
|  59|0x0000000085700000, 0x0000000085700000, 0x0000000085800000|  0%| F|  |TAMS 0x0000000085700000, 0x0000000085700000| Untracked 
|  60|0x0000000085800000, 0x0000000085800000, 0x0000000085900000|  0%| F|  |TAMS 0x0000000085800000, 0x0000000085800000| Untracked 
|  61|0x0000000085900000, 0x0000000085900000, 0x0000000085a00000|  0%| F|  |TAMS 0x0000000085900000, 0x0000000085900000| Untracked 
|  62|0x0000000085a00000, 0x0000000085a00000, 0x0000000085b00000|  0%| F|  |TAMS 0x0000000085a00000, 0x0000000085a00000| Untracked 
|  63|0x0000000085b00000, 0x0000000085b00000, 0x0000000085c00000|  0%| F|  |TAMS 0x0000000085b00000, 0x0000000085b00000| Untracked 
|  64|0x0000000085c00000, 0x0000000085c00000, 0x0000000085d00000|  0%| F|  |TAMS 0x0000000085c00000, 0x0000000085c00000| Untracked 
|  65|0x0000000085d00000, 0x0000000085d00000, 0x0000000085e00000|  0%| F|  |TAMS 0x0000000085d00000, 0x0000000085d00000| Untracked 
|  66|0x0000000085e00000, 0x0000000085e00000, 0x0000000085f00000|  0%| F|  |TAMS 0x0000000085e00000, 0x0000000085e00000| Untracked 
|  67|0x0000000085f00000, 0x0000000085f00000, 0x0000000086000000|  0%| F|  |TAMS 0x0000000085f00000, 0x0000000085f00000| Untracked 
|  68|0x0000000086000000, 0x0000000086000000, 0x0000000086100000|  0%| F|  |TAMS 0x0000000086000000, 0x0000000086000000| Untracked 
|  69|0x0000000086100000, 0x0000000086100000, 0x0000000086200000|  0%| F|  |TAMS 0x0000000086100000, 0x0000000086100000| Untracked 
|  70|0x0000000086200000, 0x0000000086200000, 0x0000000086300000|  0%| F|  |TAMS 0x0000000086200000, 0x0000000086200000| Untracked 
|  71|0x0000000086300000, 0x0000000086300000, 0x0000000086400000|  0%| F|  |TAMS 0x0000000086300000, 0x0000000086300000| Untracked 
|  72|0x0000000086400000, 0x0000000086400000, 0x0000000086500000|  0%| F|  |TAMS 0x0000000086400000, 0x0000000086400000| Untracked 
|  73|0x0000000086500000, 0x0000000086500000, 0x0000000086600000|  0%| F|  |TAMS 0x0000000086500000, 0x0000000086500000| Untracked 
|  74|0x0000000086600000, 0x0000000086600000, 0x0000000086700000|  0%| F|  |TAMS 0x0000000086600000, 0x0000000086600000| Untracked 
|  75|0x0000000086700000, 0x0000000086700000, 0x0000000086800000|  0%| F|  |TAMS 0x0000000086700000, 0x0000000086700000| Untracked 
|  76|0x0000000086800000, 0x0000000086800000, 0x0000000086900000|  0%| F|  |TAMS 0x0000000086800000, 0x0000000086800000| Untracked 
|  77|0x0000000086900000, 0x0000000086900000, 0x0000000086a00000|  0%| F|  |TAMS 0x0000000086900000, 0x0000000086900000| Untracked 
|  78|0x0000000086a00000, 0x0000000086a00000, 0x0000000086b00000|  0%| F|  |TAMS 0x0000000086a00000, 0x0000000086a00000| Untracked 
|  79|0x0000000086b00000, 0x0000000086b00000, 0x0000000086c00000|  0%| F|  |TAMS 0x0000000086b00000, 0x0000000086b00000| Untracked 
|  80|0x0000000086c00000, 0x0000000086c00000, 0x0000000086d00000|  0%| F|  |TAMS 0x0000000086c00000, 0x0000000086c00000| Untracked 
|  81|0x0000000086d00000, 0x0000000086d00000, 0x0000000086e00000|  0%| F|  |TAMS 0x0000000086d00000, 0x0000000086d00000| Untracked 
|  82|0x0000000086e00000, 0x0000000086e00000, 0x0000000086f00000|  0%| F|  |TAMS 0x0000000086e00000, 0x0000000086e00000| Untracked 
|  83|0x0000000086f00000, 0x0000000086f00000, 0x0000000087000000|  0%| F|  |TAMS 0x0000000086f00000, 0x0000000086f00000| Untracked 
|  84|0x0000000087000000, 0x0000000087000000, 0x0000000087100000|  0%| F|  |TAMS 0x0000000087000000, 0x0000000087000000| Untracked 
|  85|0x0000000087100000, 0x0000000087100000, 0x0000000087200000|  0%| F|  |TAMS 0x0000000087100000, 0x0000000087100000| Untracked 
|  86|0x0000000087200000, 0x0000000087200000, 0x0000000087300000|  0%| F|  |TAMS 0x0000000087200000, 0x0000000087200000| Untracked 
|  87|0x0000000087300000, 0x0000000087300000, 0x0000000087400000|  0%| F|  |TAMS 0x0000000087300000, 0x0000000087300000| Untracked 
|  88|0x0000000087400000, 0x0000000087400000, 0x0000000087500000|  0%| F|  |TAMS 0x0000000087400000, 0x0000000087400000| Untracked 
|  89|0x0000000087500000, 0x0000000087500000, 0x0000000087600000|  0%| F|  |TAMS 0x0000000087500000, 0x0000000087500000| Untracked 
|  90|0x0000000087600000, 0x0000000087600000, 0x0000000087700000|  0%| F|  |TAMS 0x0000000087600000, 0x0000000087600000| Untracked 
|  91|0x0000000087700000, 0x0000000087700000, 0x0000000087800000|  0%| F|  |TAMS 0x0000000087700000, 0x0000000087700000| Untracked 
|  92|0x0000000087800000, 0x0000000087800000, 0x0000000087900000|  0%| F|  |TAMS 0x0000000087800000, 0x0000000087800000| Untracked 
|  93|0x0000000087900000, 0x0000000087900000, 0x0000000087a00000|  0%| F|  |TAMS 0x0000000087900000, 0x0000000087900000| Untracked 
|  94|0x0000000087a00000, 0x0000000087a00000, 0x0000000087b00000|  0%| F|  |TAMS 0x0000000087a00000, 0x0000000087a00000| Untracked 
|  95|0x0000000087b00000, 0x0000000087b00000, 0x0000000087c00000|  0%| F|  |TAMS 0x0000000087b00000, 0x0000000087b00000| Untracked 
|  96|0x0000000087c00000, 0x0000000087c00000, 0x0000000087d00000|  0%| F|  |TAMS 0x0000000087c00000, 0x0000000087c00000| Untracked 
|  97|0x0000000087d00000, 0x0000000087d00000, 0x0000000087e00000|  0%| F|  |TAMS 0x0000000087d00000, 0x0000000087d00000| Untracked 
|  98|0x0000000087e00000, 0x0000000087e00000, 0x0000000087f00000|  0%| F|  |TAMS 0x0000000087e00000, 0x0000000087e00000| Untracked 
|  99|0x0000000087f00000, 0x0000000087f00000, 0x0000000088000000|  0%| F|  |TAMS 0x0000000087f00000, 0x0000000087f00000| Untracked 
| 100|0x0000000088000000, 0x0000000088000000, 0x0000000088100000|  0%| F|  |TAMS 0x0000000088000000, 0x0000000088000000| Untracked 
| 101|0x0000000088100000, 0x0000000088200000, 0x0000000088200000|100%| S|CS|TAMS 0x0000000088100000, 0x0000000088100000| Complete 
| 102|0x0000000088200000, 0x0000000088300000, 0x0000000088300000|100%| S|CS|TAMS 0x0000000088200000, 0x0000000088200000| Complete 
| 103|0x0000000088300000, 0x0000000088400000, 0x0000000088400000|100%| S|CS|TAMS 0x0000000088300000, 0x0000000088300000| Complete 
| 104|0x0000000088400000, 0x0000000088400000, 0x0000000088500000|  0%| F|  |TAMS 0x0000000088400000, 0x0000000088400000| Untracked 
| 105|0x0000000088500000, 0x0000000088500000, 0x0000000088600000|  0%| F|  |TAMS 0x0000000088500000, 0x0000000088500000| Untracked 
| 106|0x0000000088600000, 0x0000000088600000, 0x0000000088700000|  0%| F|  |TAMS 0x0000000088600000, 0x0000000088600000| Untracked 
| 107|0x0000000088700000, 0x0000000088700000, 0x0000000088800000|  0%| F|  |TAMS 0x0000000088700000, 0x0000000088700000| Untracked 
| 108|0x0000000088800000, 0x0000000088800000, 0x0000000088900000|  0%| F|  |TAMS 0x0000000088800000, 0x0000000088800000| Untracked 
| 109|0x0000000088900000, 0x0000000088900000, 0x0000000088a00000|  0%| F|  |TAMS 0x0000000088900000, 0x0000000088900000| Untracked 
| 110|0x0000000088a00000, 0x0000000088a00000, 0x0000000088b00000|  0%| F|  |TAMS 0x0000000088a00000, 0x0000000088a00000| Untracked 
| 111|0x0000000088b00000, 0x0000000088b00000, 0x0000000088c00000|  0%| F|  |TAMS 0x0000000088b00000, 0x0000000088b00000| Untracked 
| 112|0x0000000088c00000, 0x0000000088c00000, 0x0000000088d00000|  0%| F|  |TAMS 0x0000000088c00000, 0x0000000088c00000| Untracked 
| 113|0x0000000088d00000, 0x0000000088d00000, 0x0000000088e00000|  0%| F|  |TAMS 0x0000000088d00000, 0x0000000088d00000| Untracked 
| 114|0x0000000088e00000, 0x0000000088e00000, 0x0000000088f00000|  0%| F|  |TAMS 0x0000000088e00000, 0x0000000088e00000| Untracked 
| 115|0x0000000088f00000, 0x0000000088f00000, 0x0000000089000000|  0%| F|  |TAMS 0x0000000088f00000, 0x0000000088f00000| Untracked 
| 116|0x0000000089000000, 0x0000000089000000, 0x0000000089100000|  0%| F|  |TAMS 0x0000000089000000, 0x0000000089000000| Untracked 
| 117|0x0000000089100000, 0x0000000089100000, 0x0000000089200000|  0%| F|  |TAMS 0x0000000089100000, 0x0000000089100000| Untracked 
| 118|0x0000000089200000, 0x0000000089200000, 0x0000000089300000|  0%| F|  |TAMS 0x0000000089200000, 0x0000000089200000| Untracked 
| 119|0x0000000089300000, 0x0000000089300000, 0x0000000089400000|  0%| F|  |TAMS 0x0000000089300000, 0x0000000089300000| Untracked 
| 120|0x0000000089400000, 0x0000000089400000, 0x0000000089500000|  0%| F|  |TAMS 0x0000000089400000, 0x0000000089400000| Untracked 
| 121|0x0000000089500000, 0x0000000089500000, 0x0000000089600000|  0%| F|  |TAMS 0x0000000089500000, 0x0000000089500000| Untracked 
| 122|0x0000000089600000, 0x0000000089600000, 0x0000000089700000|  0%| F|  |TAMS 0x0000000089600000, 0x0000000089600000| Untracked 
| 123|0x0000000089700000, 0x0000000089700000, 0x0000000089800000|  0%| F|  |TAMS 0x0000000089700000, 0x0000000089700000| Untracked 
| 124|0x0000000089800000, 0x0000000089800000, 0x0000000089900000|  0%| F|  |TAMS 0x0000000089800000, 0x0000000089800000| Untracked 
| 125|0x0000000089900000, 0x0000000089900000, 0x0000000089a00000|  0%| F|  |TAMS 0x0000000089900000, 0x0000000089900000| Untracked 
| 126|0x0000000089a00000, 0x0000000089ad6928, 0x0000000089b00000| 83%| E|  |TAMS 0x0000000089a00000, 0x0000000089a00000| Complete 
| 127|0x0000000089b00000, 0x0000000089c00000, 0x0000000089c00000|100%| E|CS|TAMS 0x0000000089b00000, 0x0000000089b00000| Complete 

Card table byte_map: [0x000002e75fa80000,0x000002e75fe80000] _byte_map_base: 0x000002e75f672000

Marking Bits (Prev, Next): (CMBitMap*) 0x000002e747c43c28, (CMBitMap*) 0x000002e747c43c60
 Prev Bits: [0x000002e760280000, 0x000002e762210000)
 Next Bits: [0x000002e762210000, 0x000002e7641a0000)

Polling page: 0x000002e7473c0000

Metaspace:

Usage:
  Non-class:     11.91 MB capacity,    11.73 MB ( 98%) used,   155.73 KB (  1%) free+waste,    27.63 KB ( <1%) overhead. 
      Class:      1.44 MB capacity,     1.33 MB ( 93%) used,    93.20 KB (  6%) free+waste,    13.25 KB ( <1%) overhead. 
       Both:     13.35 MB capacity,    13.07 MB ( 98%) used,   248.93 KB (  2%) free+waste,    40.88 KB ( <1%) overhead. 

Virtual space:
  Non-class space:       16.00 MB reserved,      12.00 MB ( 75%) committed 
      Class space:        1.00 GB reserved,       1.50 MB ( <1%) committed 
             Both:        1.02 GB reserved,      13.50 MB (  1%) committed 

Chunk freelists:
   Non-Class:  25.00 KB
       Class:  0 bytes
        Both:  25.00 KB

MaxMetaspaceSize: 17179869184.00 GB
CompressedClassSpaceSize: 1.00 GB
Initial GC threshold: 20.80 MB
Current GC threshold: 20.80 MB
CDS: off

CodeHeap 'non-profiled nmethods': size=238336Kb used=1820Kb max_used=1820Kb free=236515Kb
 bounds [0x000002e750a80000, 0x000002e750cf0000, 0x000002e75f340000]
CodeHeap 'non-nmethods': size=7424Kb used=1146Kb max_used=1146Kb free=6277Kb
 bounds [0x000002e750340000, 0x000002e7505b0000, 0x000002e750a80000]
 total_blobs=1676 nmethods=1267 adapters=337
 compilation: enabled
              stopped_count=0, restarted_count=0
 full_count=0

Compilation events (20 events):
Event: 6.423 Thread 0x000002e767593800 nmethod 1246 0x000002e750c37b10 code [0x000002e750c37d00, 0x000002e750c38058]
Event: 6.423 Thread 0x000002e767593800 1247       1       jdk.internal.jimage.ImageReader::findLocation (14 bytes)
Event: 6.423 Thread 0x000002e767593800 nmethod 1247 0x000002e750c38290 code [0x000002e750c38460, 0x000002e750c38618]
Event: 6.423 Thread 0x000002e767593800 1248  s    1       jdk.internal.jimage.BasicImageReader::findLocation (115 bytes)
Event: 6.424 Thread 0x000002e767593800 nmethod 1248 0x000002e750c38710 code [0x000002e750c389c0, 0x000002e750c39358]
Event: 6.424 Thread 0x000002e767593800 1249       1       jdk.internal.jimage.ImageStringsReader::hashCode (8 bytes)
Event: 6.425 Thread 0x000002e767593800 nmethod 1249 0x000002e750c39790 code [0x000002e750c39960, 0x000002e750c39a98]
Event: 6.425 Thread 0x000002e767593800 1250       1       jdk.internal.module.SystemModuleFinders$SystemModuleReader::find (54 bytes)
Event: 6.426 Thread 0x000002e767593800 nmethod 1250 0x000002e750c39b90 code [0x000002e750c39e00, 0x000002e750c3a498]
Event: 6.427 Thread 0x000002e767593800 1251  s    1       jdk.internal.loader.Resource::cachedInputStream (20 bytes)
Event: 6.427 Thread 0x000002e767593800 nmethod 1251 0x000002e750c3a810 code [0x000002e750c3a9c0, 0x000002e750c3ac88]
Event: 6.427 Thread 0x000002e767593800 1252       1       java.security.CodeSource::getCertificates (98 bytes)
Event: 6.428 Thread 0x000002e767593800 nmethod 1252 0x000002e750c3ad10 code [0x000002e750c3af40, 0x000002e750c3b3d8]
Event: 6.429 Thread 0x000002e767593800 1253       1       java.util.jar.Manifest::getMainAttributes (5 bytes)
Event: 6.429 Thread 0x000002e767593800 nmethod 1253 0x000002e750c3b610 code [0x000002e750c3b7c0, 0x000002e750c3b878]
Event: 6.429 Thread 0x000002e767593800 1254       1       java.util.zip.ZipEntry::getCrc (5 bytes)
Event: 6.430 Thread 0x000002e767593800 nmethod 1254 0x000002e750c3b910 code [0x000002e750c3bac0, 0x000002e750c3bb78]
Event: 6.434 Thread 0x000002e767593800 1255       1       jdk.internal.loader.ClassLoaders$BootClassLoader::loadClassOrNull (11 bytes)
Event: 6.434 Thread 0x000002e767593800 nmethod 1255 0x000002e750c3c110 code [0x000002e750c3c2c0, 0x000002e750c3c3d8]
Event: 6.434 Thread 0x000002e767593800 1259       1       java.net.URLStreamHandler::parseURL (1201 bytes)

GC Heap History (2 events):
Event: 6.378 GC heap before
{Heap before GC invocations=0 (full 0):
 garbage-first heap   total 131072K, used 24576K [0x0000000081c00000, 0x0000000100000000)
  region size 1024K, 24 young (24576K), 0 survivors (0K)
 Metaspace       used 13153K, capacity 13479K, committed 13568K, reserved 1064960K
  class space    used 1340K, capacity 1472K, committed 1536K, reserved 1048576K
}
Event: 6.404 GC heap after
{Heap after GC invocations=1 (full 0):
 garbage-first heap   total 131072K, used 10389K [0x0000000081c00000, 0x0000000100000000)
  region size 1024K, 3 young (3072K), 3 survivors (3072K)
 Metaspace       used 13153K, capacity 13479K, committed 13568K, reserved 1064960K
  class space    used 1340K, capacity 1472K, committed 1536K, reserved 1048576K
}

Deoptimization events (0 events):
No events

Classes redefined (0 events):
No events

Internal exceptions (15 events):
Event: 3.506 Thread 0x000002e747bff800 Exception <a 'java/lang/NoSuchMethodError'{0x0000000088d46c30}: 'java.lang.Object java.lang.invoke.DirectMethodHandle$Holder.invokeStaticInit(java.lang.Object, java.lang.Object, java.lang.Object)'> (0x0000000088d46c30) thrown at [./src/hotspot/share/interpreter/linkResolver.cpp, line 773]
Event: 3.524 Thread 0x000002e747bff800 Exception <a 'java/lang/NoSuchMethodError'{0x0000000088d61078}: 'int java.lang.invoke.DirectMethodHandle$Holder.invokeInterface(java.lang.Object, java.lang.Object)'> (0x0000000088d61078) thrown at [./src/hotspot/share/interpreter/linkResolver.cpp, line 773]
Event: 3.525 Thread 0x000002e747bff800 Exception <a 'java/lang/IncompatibleClassChangeError'{0x0000000088d63df0}: Found class java.lang.Object, but interface was expected> (0x0000000088d63df0) thrown at [./src/hotspot/share/interpreter/linkResolver.cpp, line 839]
Event: 3.650 Thread 0x000002e747bff800 Exception <a 'java/lang/NoSuchMethodError'{0x0000000088c2ee48}: 'java.lang.Object java.lang.invoke.DirectMethodHandle$Holder.invokeStatic(java.lang.Object, java.lang.Object, java.lang.Object, java.lang.Object, java.lang.Object, java.lang.Object, java.lang.Object, java.lang.Object, java.lang.Object, java.lang.Object, java.lang.Object, int)'> (0x0000000088c2ee48) thrown at [./src/hotspot/share/interpreter/linkResolver.cpp, line 773]
Event: 3.654 Thread 0x000002e747bff800 Exception <a 'java/lang/NoSuchMethodError'{0x0000000088c4d240}: 'java.lang.Object java.lang.invoke.DirectMethodHandle$Holder.invokeStatic(java.lang.Object, java.lang.Object, java.lang.Object, java.lang.Object, java.lang.Object, java.lang.Object, java.lang.Object, java.lang.Object, java.lang.Object, java.lang.Object, java.lang.Object, int, int)'> (0x0000000088c4d240) thrown at [./src/hotspot/share/interpreter/linkResolver.cpp, line 773]
Event: 3.663 Thread 0x000002e747bff800 Exception <a 'java/lang/NoSuchMethodError'{0x0000000088c6c5a8}: 'java.lang.Object java.lang.invoke.DirectMethodHandle$Holder.invokeStatic(java.lang.Object, java.lang.Object, java.lang.Object, java.lang.Object, java.lang.Object, java.lang.Object, java.lang.Object, java.lang.Object, java.lang.Object, java.lang.Object, java.lang.Object, int, int, java.lang.Object)'> (0x0000000088c6c5a8) thrown at [./src/hotspot/share/interpreter/linkResolver.cpp, line 773]
Event: 3.684 Thread 0x000002e747bff800 Exception <a 'java/lang/NoSuchMethodError'{0x0000000088c8d2a0}: 'java.lang.Object java.lang.invoke.DirectMethodHandle$Holder.invokeStatic(java.lang.Object, java.lang.Object, java.lang.Object, java.lang.Object, java.lang.Object, java.lang.Object, java.lang.Object, java.lang.Object, java.lang.Object, java.lang.Object, java.lang.Object, int, int, java.lang.Object, java.lang.Object)'> (0x0000000088c8d2a0) thrown at [./src/hotspot/share/interpreter/linkResolver.cpp, line 773]
Event: 3.942 Thread 0x000002e747bff800 Exception <a 'java/lang/NoSuchMethodError'{0x0000000088a3a5e0}: 'int java.lang.invoke.DirectMethodHandle$Holder.invokeSpecialIFC(java.lang.Object, java.lang.Object, java.lang.Object)'> (0x0000000088a3a5e0) thrown at [./src/hotspot/share/interpreter/linkResolver.cpp, line 773]
Event: 4.018 Thread 0x000002e747bff800 Exception <a 'java/lang/NoSuchMethodError'{0x0000000088a9db18}: 'java.lang.Object java.lang.invoke.DirectMethodHandle$Holder.invokeStatic(java.lang.Object, int, int, int, int)'> (0x0000000088a9db18) thrown at [./src/hotspot/share/interpreter/linkResolver.cpp, line 773]
Event: 4.019 Thread 0x000002e747bff800 Exception <a 'java/lang/NoSuchMethodError'{0x0000000088aa0c40}: 'java.lang.Object java.lang.invoke.DirectMethodHandle$Holder.invokeStaticInit(java.lang.Object, int, int, int, int)'> (0x0000000088aa0c40) thrown at [./src/hotspot/share/interpreter/linkResolver.cpp, line 773]
Event: 5.978 Thread 0x000002e747bff800 Exception <a 'java/lang/NoSuchMethodError'{0x0000000088937088}: 'java.lang.Object java.lang.invoke.DirectMethodHandle$Holder.invokeStatic(java.lang.Object, java.lang.Object, int, int, int, int)'> (0x0000000088937088) thrown at [./src/hotspot/share/interpreter/linkResolver.cpp, line 773]
Event: 5.979 Thread 0x000002e747bff800 Exception <a 'java/lang/NoSuchMethodError'{0x000000008893a3e0}: 'java.lang.Object java.lang.invoke.DirectMethodHandle$Holder.invokeStaticInit(java.lang.Object, java.lang.Object, int, int, int, int)'> (0x000000008893a3e0) thrown at [./src/hotspot/share/interpreter/linkResolver.cpp, line 773]
Event: 6.033 Thread 0x000002e747bff800 Exception <a 'java/lang/ClassNotFoundException'{0x000000008895a3c8}: javax/management/remote/rmi/RMIServerImpl_Skel> (0x000000008895a3c8) thrown at [./src/hotspot/share/classfile/systemDictionary.cpp, line 230]
Event: 6.190 Thread 0x000002e747bff800 Exception <a 'java/lang/ClassNotFoundException'{0x0000000088744f08}: javax/smartcardio/CardPermission> (0x0000000088744f08) thrown at [./src/hotspot/share/classfile/systemDictionary.cpp, line 230]
Event: 6.203 Thread 0x000002e747bff800 Exception <a 'java/io/FileNotFoundException'{0x0000000088753198}> (0x0000000088753198) thrown at [./src/hotspot/share/prims/jni.cpp, line 617]

Events (20 events):
Event: 6.434 loading class org/springframework/util/ResourceUtils
Event: 6.434 loading class org/springframework/util/ResourceUtils done
Event: 6.436 loading class sun/net/www/protocol/jar/URLJarFile
Event: 6.436 loading class sun/net/www/protocol/jar/URLJarFile done
Event: 6.436 Executing VM operation: Deoptimize
Event: 6.437 Executing VM operation: Deoptimize done
Event: 6.437 loading class sun/net/www/protocol/jar/URLJarFileCallBack
Event: 6.437 loading class sun/net/www/protocol/jar/URLJarFileCallBack done
Event: 6.437 loading class java/util/zip/ZipFile$CleanableResource$FinalizableResource
Event: 6.437 loading class java/util/zip/ZipFile$CleanableResource$FinalizableResource done
Event: 6.437 Executing VM operation: Deoptimize
Event: 6.438 Executing VM operation: Deoptimize done
Event: 6.438 loading class sun/net/www/protocol/jar/URLJarFile$URLJarFileEntry
Event: 6.438 loading class sun/net/www/protocol/jar/URLJarFile$URLJarFileEntry done
Event: 6.438 loading class sun/net/www/protocol/jar/JarURLConnection$JarURLInputStream
Event: 6.439 loading class sun/net/www/protocol/jar/JarURLConnection$JarURLInputStream done
Event: 6.439 loading class org/springframework/util/StringUtils
Event: 6.439 loading class org/springframework/util/StringUtils done
Event: 6.442 loading class org/springframework/util/CollectionUtils
Event: 6.442 loading class org/springframework/util/CollectionUtils done


Dynamic libraries:
0x00007ff761ce0000 - 0x00007ff761ced000 	C:\Users\stefa\.jdks\corretto-11.0.15\bin\java.exe
0x00007ff97b2a0000 - 0x00007ff97b4a9000 	C:\Windows\SYSTEM32\ntdll.dll
0x00007ff97a650000 - 0x00007ff97a70d000 	C:\Windows\System32\KERNEL32.DLL
0x00007ff978af0000 - 0x00007ff978e69000 	C:\Windows\System32\KERNELBASE.dll
0x00007ff978e70000 - 0x00007ff978f81000 	C:\Windows\System32\ucrtbase.dll
0x00007ff9759e0000 - 0x00007ff9759f7000 	C:\Users\stefa\.jdks\corretto-11.0.15\bin\jli.dll
0x00007ff97a410000 - 0x00007ff97a5bc000 	C:\Windows\System32\USER32.dll
0x00007ff978f90000 - 0x00007ff978fb6000 	C:\Windows\System32\win32u.dll
0x00007ff97b130000 - 0x00007ff97b159000 	C:\Windows\System32\GDI32.dll
0x00007ff975920000 - 0x00007ff975939000 	C:\Users\stefa\.jdks\corretto-11.0.15\bin\VCRUNTIME140.dll
0x00007ff9789d0000 - 0x00007ff978ae2000 	C:\Windows\System32\gdi32full.dll
0x00007ff978800000 - 0x00007ff97889d000 	C:\Windows\System32\msvcp_win.dll
0x00007ff960690000 - 0x00007ff960935000 	C:\Windows\WinSxS\amd64_microsoft.windows.common-controls_6595b64144ccf1df_6.0.22000.120_none_9d947278b86cc467\COMCTL32.dll
0x00007ff97afb0000 - 0x00007ff97b053000 	C:\Windows\System32\msvcrt.dll
0x00007ff979130000 - 0x00007ff979161000 	C:\Windows\System32\IMM32.DLL
0x00007ff94bb60000 - 0x00007ff94bbfb000 	C:\Users\stefa\.jdks\corretto-11.0.15\bin\msvcp140.dll
0x00007ff9337f0000 - 0x00007ff934373000 	C:\Users\stefa\.jdks\corretto-11.0.15\bin\server\jvm.dll
0x00007ff9792c0000 - 0x00007ff97936e000 	C:\Windows\System32\ADVAPI32.dll
0x00007ff979b30000 - 0x00007ff979bce000 	C:\Windows\System32\sechost.dll
0x00007ff979f60000 - 0x00007ff97a080000 	C:\Windows\System32\RPCRT4.dll
0x00007ff97b110000 - 0x00007ff97b118000 	C:\Windows\System32\PSAPI.DLL
0x00007ff975940000 - 0x00007ff975949000 	C:\Windows\SYSTEM32\WSOCK32.dll
0x00007ff9791f0000 - 0x00007ff97925f000 	C:\Windows\System32\WS2_32.dll
0x00007ff96fde0000 - 0x00007ff96fdea000 	C:\Windows\SYSTEM32\VERSION.dll
0x00007ff971f10000 - 0x00007ff971f43000 	C:\Windows\SYSTEM32\WINMM.dll
0x00007ff977940000 - 0x00007ff977958000 	C:\Windows\SYSTEM32\kernel.appcore.dll
0x00007ff9749b0000 - 0x00007ff9749c0000 	C:\Users\stefa\.jdks\corretto-11.0.15\bin\verify.dll
0x00007ff962890000 - 0x00007ff962ab1000 	C:\Windows\SYSTEM32\DBGHELP.DLL
0x00007ff94c320000 - 0x00007ff94c351000 	C:\Windows\SYSTEM32\dbgcore.DLL
0x00007ff978780000 - 0x00007ff9787ff000 	C:\Windows\System32\bcryptPrimitives.dll
0x00007ff9665d0000 - 0x00007ff9665f8000 	C:\Users\stefa\.jdks\corretto-11.0.15\bin\java.dll
0x00007ff970640000 - 0x00007ff97064a000 	C:\Users\stefa\.jdks\corretto-11.0.15\bin\jimage.dll
0x00007ff975a10000 - 0x00007ff975a1e000 	C:\Users\stefa\.jdks\corretto-11.0.15\bin\instrument.dll
0x00007ff9687e0000 - 0x00007ff9687f8000 	C:\Users\stefa\.jdks\corretto-11.0.15\bin\zip.dll
0x00007ff979370000 - 0x00007ff979b28000 	C:\Windows\System32\SHELL32.dll
0x00007ff9768b0000 - 0x00007ff977118000 	C:\Windows\SYSTEM32\windows.storage.dll
0x00007ff979be0000 - 0x00007ff979f59000 	C:\Windows\System32\combase.dll
0x00007ff976740000 - 0x00007ff9768a6000 	C:\Windows\SYSTEM32\wintypes.dll
0x00007ff97a080000 - 0x00007ff97a16a000 	C:\Windows\System32\SHCORE.dll
0x00007ff979260000 - 0x00007ff9792bd000 	C:\Windows\System32\shlwapi.dll
0x00007ff9786b0000 - 0x00007ff9786d1000 	C:\Windows\SYSTEM32\profapi.dll
0x00007ff968280000 - 0x00007ff968299000 	C:\Users\stefa\.jdks\corretto-11.0.15\bin\net.dll
0x00007ff970730000 - 0x00007ff97083c000 	C:\Windows\SYSTEM32\WINHTTP.dll
0x00007ff977da0000 - 0x00007ff977e07000 	C:\Windows\system32\mswsock.dll
0x00007ff968050000 - 0x00007ff968063000 	C:\Users\stefa\.jdks\corretto-11.0.15\bin\nio.dll
0x00007ff975970000 - 0x00007ff97598a000 	C:\Program Files\JetBrains\IntelliJ IDEA 2022.1.1\bin\breakgen64.dll
0x00007ff977490000 - 0x00007ff977578000 	C:\Windows\SYSTEM32\DNSAPI.dll
0x00007ff977460000 - 0x00007ff97748d000 	C:\Windows\SYSTEM32\IPHLPAPI.DLL
0x00007ff97a800000 - 0x00007ff97a809000 	C:\Windows\System32\NSI.dll
0x00007ff96a670000 - 0x00007ff96a67a000 	C:\Windows\System32\rasadhlp.dll
0x00007ff96bc80000 - 0x00007ff96bd01000 	C:\Windows\System32\fwpuclnt.dll
0x00007ff974a60000 - 0x00007ff974a69000 	C:\Users\stefa\.jdks\corretto-11.0.15\bin\management.dll
0x00007ff974a50000 - 0x00007ff974a5b000 	C:\Users\stefa\.jdks\corretto-11.0.15\bin\management_ext.dll
0x00007ff977fe0000 - 0x00007ff977ff8000 	C:\Windows\SYSTEM32\CRYPTSP.dll
0x00007ff9778a0000 - 0x00007ff9778d5000 	C:\Windows\system32\rsaenh.dll
0x00007ff977e90000 - 0x00007ff977eb9000 	C:\Windows\SYSTEM32\USERENV.dll
0x00007ff978160000 - 0x00007ff978187000 	C:\Windows\SYSTEM32\bcrypt.dll
0x00007ff978000000 - 0x00007ff97800c000 	C:\Windows\SYSTEM32\CRYPTBASE.dll
0x00007ff970660000 - 0x00007ff970679000 	C:\Windows\SYSTEM32\dhcpcsvc6.DLL
0x00007ff973110000 - 0x00007ff97312e000 	C:\Windows\SYSTEM32\dhcpcsvc.DLL
0x00007ff94d800000 - 0x00007ff94d817000 	C:\Windows\system32\napinsp.dll
0x00007ff94c390000 - 0x00007ff94c3ab000 	C:\Windows\system32\pnrpnsp.dll
0x00007ff94c370000 - 0x00007ff94c382000 	C:\Windows\System32\winrnr.dll
0x00007ff970680000 - 0x00007ff970695000 	C:\Windows\system32\wshbth.dll
0x00007ff94c300000 - 0x00007ff94c31f000 	C:\Windows\system32\nlansp_c.dll

dbghelp: loaded successfully - version: 4.0.5 - missing functions: none
symbol engine: initialized successfully - sym options: 0x614 - pdb path: .;C:\Users\stefa\.jdks\corretto-11.0.15\bin;C:\Windows\SYSTEM32;C:\Windows\WinSxS\amd64_microsoft.windows.common-controls_6595b64144ccf1df_6.0.22000.120_none_9d947278b86cc467;C:\Users\stefa\.jdks\corretto-11.0.15\bin\server;C:\Program Files\JetBrains\IntelliJ IDEA 2022.1.1\bin

VM Arguments:
jvm_args: -XX:TieredStopAtLevel=1 -Xverify:none -Dspring.output.ansi.enabled=always -Dcom.sun.management.jmxremote -Dspring.jmx.enabled=true -Dspring.liveBeansView.mbeanDomain -Dspring.application.admin.enabled=true -javaagent:C:\Program Files\JetBrains\IntelliJ IDEA 2022.1.1\lib\idea_rt.jar=59605:C:\Program Files\JetBrains\IntelliJ IDEA 2022.1.1\bin -Dfile.encoding=UTF-8 
java_command: unical.dimes.uptocloud.UptocloudApplication
java_class_path (initial): D:\MegaSync\UNI\LM\1_2\sd_cc\SD-azureproj\uptocloud\springbootapp\target\classes;C:\Users\stefa\.m2\repository\org\springframework\boot\spring-boot-starter-data-jpa\2.6.7\spring-boot-starter-data-jpa-2.6.7.jar;C:\Users\stefa\.m2\repository\org\springframework\boot\spring-boot-starter-aop\2.6.7\spring-boot-starter-aop-2.6.7.jar;C:\Users\stefa\.m2\repository\org\aspectj\aspectjweaver\1.9.7\aspectjweaver-1.9.7.jar;C:\Users\stefa\.m2\repository\org\springframework\boot\spring-boot-starter-jdbc\2.6.7\spring-boot-starter-jdbc-2.6.7.jar;C:\Users\stefa\.m2\repository\com\zaxxer\HikariCP\4.0.3\HikariCP-4.0.3.jar;C:\Users\stefa\.m2\repository\org\springframework\spring-jdbc\5.3.19\spring-jdbc-5.3.19.jar;C:\Users\stefa\.m2\repository\jakarta\transaction\jakarta.transaction-api\1.3.3\jakarta.transaction-api-1.3.3.jar;C:\Users\stefa\.m2\repository\jakarta\persistence\jakarta.persistence-api\2.2.3\jakarta.persistence-api-2.2.3.jar;C:\Users\stefa\.m2\repository\org\hibernate\hibernate-core\5.6.8.Final\hibernate-core-5.6.8.Final.jar;C:\Users\stefa\.m2\repository\org\jboss\logging\jboss-logging\3.4.3.Final\jboss-logging-3.4.3.Final.jar;C:\Users\stefa\.m2\repository\net\bytebuddy\byte-buddy\1.11.22\byte-buddy-1.11.22.jar;C:\Users\stefa\.m2\repository\antlr\antlr\2.7.7\antlr-2.7.7.jar;C:\Users\stefa\.m2\repository\org\jboss\jandex\2.4.2.Final\jandex-2.4.2.Final.jar;C:\Users\stefa\.m2\repository\com\fasterxml\classmate\1.5.1\classmate-1.5.1.jar;C:\Users\stefa\.m2\repository\org\hibernate\common\hibernate-commons-annotations\5.1.2.Final\hibernate-commons-annotations-5.1.2.Final.jar;C:\Users\stefa\.m2\repository\org\glassfish\jaxb\jaxb-runtime\2.3.6\jaxb-runtime-2.3.6.jar;C:\Users\stefa\.m2\repository\org\glassfish\jaxb\txw2\2.3.6\txw2-2.3.6.jar;C:\Users\stefa\.m2\repository\com\sun\istack\istack-commons-runtime\3.0.12\istack-commons-runtime-3.0.12.jar;C:\Users\stefa\.m2\repository\org\springframework\data\spring-data-jpa\2.6.4\spring-data-jpa-2.6.4.jar;C:\Us
Launcher Type: SUN_STANDARD

[Global flags]
     bool BytecodeVerificationLocal                = false                                     {product} {command line}
     bool BytecodeVerificationRemote               = false                                     {product} {command line}
     intx CICompilerCount                          = 4                                         {product} {ergonomic}
     uint ConcGCThreads                            = 2                                         {product} {ergonomic}
     uint G1ConcRefinementThreads                  = 8                                         {product} {ergonomic}
   size_t G1HeapRegionSize                         = 1048576                                   {product} {ergonomic}
    uintx GCDrainStackTargetSize                   = 64                                        {product} {ergonomic}
   size_t InitialHeapSize                          = 134217728                                 {product} {ergonomic}
     bool ManagementServer                         = true                                      {product} {command line}
   size_t MarkStackSize                            = 4194304                                   {product} {ergonomic}
   size_t MaxHeapSize                              = 2118123520                                {product} {ergonomic}
   size_t MaxNewSize                               = 1270874112                                {product} {ergonomic}
   size_t MinHeapDeltaBytes                        = 1048576                                   {product} {ergonomic}
    uintx NonNMethodCodeHeapSize                   = 7549744                                {pd product} {ergonomic}
    uintx NonProfiledCodeHeapSize                  = 244108496                              {pd product} {ergonomic}
    uintx ProfiledCodeHeapSize                     = 0                                      {pd product} {ergonomic}
    uintx ReservedCodeCacheSize                    = 251658240                              {pd product} {ergonomic}
     bool SegmentedCodeCache                       = true                                      {product} {ergonomic}
     intx TieredStopAtLevel                        = 1                                         {product} {command line}
     bool UseCompressedClassPointers               = true                                 {lp64_product} {ergonomic}
     bool UseCompressedOops                        = true                                 {lp64_product} {ergonomic}
     bool UseG1GC                                  = true                                      {product} {ergonomic}
     bool UseLargePagesIndividualAllocation        = false                                  {pd product} {ergonomic}

Logging:
Log output configuration:
 #0: stdout all=warning uptime,level,tags
 #1: stderr all=off uptime,level,tags

Environment Variables:
JAVA_HOME=C:\Program Files\Zulu\zulu-17\
PATH=C:\Program Files\Zulu\zulu-17\bin\;C:\Windows\system32;C:\Windows;C:\Windows\System32\Wbem;C:\Windows\System32\WindowsPowerShell\v1.0\;C:\Windows\System32\OpenSSH\;C:\Program Files (x86)\NVIDIA Corporation\PhysX\Common;C:\Program Files\MiKTeX\miktex\bin\x64\;C:\Program Files\PowerShell\7\;C:\Program Files\Git\cmd;C:\ProgramData\chocolatey\bin;C:\Program Files\NVIDIA Corporation\NVIDIA NvDLISR;C:\Users\stefa\AppData\Roaming\nvm;C:\Program Files\nodejs;C:\Program Files\nodejs\;C:\Program Files\Microsoft\Azure Functions Core Tools\;C:\Program Files\Docker\Docker\resources\bin;C:\ProgramData\DockerDesktop\version-bin;C:\Users\stefa\anaconda3;C:\Users\stefa\anaconda3\Library\mingw-w64\bin;C:\Users\stefa\anaconda3\Library\usr\bin;C:\Users\stefa\anaconda3\Library\bin;C:\Users\stefa\anaconda3\Scripts;C:\Users\stefa\Documents\MEGAsync\UNI\LT\Tesi - Soluzioni Cloud per IoT\latex;C:\Users\stefa\AppData\Local\activestate\cache\bin;C:\Users\stefa\AppData\Local\ActiveState\StateTool\release;C:\Users\stefa\AppData\Local\Microsoft\WindowsApps;C:\Users\stefa\AppData\Local\Programs\Microsoft VS Code\bin;C:\texlive\2021\bin\win32;C:\Program Files\MiKTeX\miktex\bin;C:\Program Files\JetBrains\IntelliJ Ultimate\bin;C:\Program Files\Xournal++\bin;C:\Users\stefa\AppData\Local\GitHubDesktop\bin;C:\Program Files\Java\OpenJDK\jdk-8.0.272.10-hotspot\bin;C:\Users\stefa\AppData\Local\gitkraken\bin;C:\Users\stefa\Documents\MEGAsync\UNI\LM\1_1\Business Intelligence\Materiale esercitazioni\apricot;C:\Users\stefa\AppData\Local\JetBrains\DataGrip 2021.2.4\bin;;C:\tools\dart-sdk\bin;C:\Users\stefa\AppData\Roaming\Pub\Cache\bin;C:\tools\flutter\bin;C:\Users\stefa\AppData\Local\Android\Sdk\platform-tools;C:\Users\stefa\AppData\Roaming\nvm;C:\Program Files\nodejs;C:\Users\stefa\AppData\Local\nvs\;C:\Users\stefa\AppData\Roaming\npm;C:\Program Files\JetBrains\IntelliJ IDEA 2022.1.1\bin;;C:\opt\apache-maven-3.8.5\bin;C:\opt\azurite;C:\opt\flutter_windows_3.0.1-stable\flutter\bin;
USERNAME=stefa
OS=Windows_NT
PROCESSOR_IDENTIFIER=Intel64 Family 6 Model 142 Stepping 10, GenuineIntel



---------------  S Y S T E M  ---------------

OS: Windows 11 , 64 bit Build 22000 (10.0.22000.708)
OS uptime: 13 days 4:42 hours
Hyper-V role detected

CPU:total 8 (initial active 8) (4 cores per cpu, 2 threads per core) family 6 model 142 stepping 10 microcode 0xe0, cmov, cx8, fxsr, mmx, sse, sse2, sse3, ssse3, sse4.1, sse4.2, popcnt, avx, avx2, aes, clmul, erms, 3dnowpref, lzcnt, ht, tsc, tscinvbit, bmi1, bmi2, adx, fma

Memory: 4k page, system-wide physical 8076M (115M free)
TotalPageFile size 56652M (AvailPageFile size 0M)
current process WorkingSet (physical memory assigned to process): 84M, peak: 84M
current process commit charge ("private bytes"): 223M, peak: 223M

vm_info: OpenJDK 64-Bit Server VM (11.0.15+9-LTS) for windows-amd64 JRE (11.0.15+9-LTS), built on Apr 15 2022 22:20:31 by "Administrator" with unknown MS VC++:1916

END.
